<?xml version="1.0" encoding="UTF-8"?>
<!-- Generated by org.testng.reporters.JUnitXMLReporter -->
<testsuite ignored="0" hostname="NOI-PW03VFY0" failures="0" tests="10" name="Default test" time="81.941" errors="0" timestamp="2025-03-25T18:33:30 IST">
  <testcase classname="highlineWarren.test.ValidateHighLineWarrenDOMTest" name="highLineWarrenTitleValidation" time="0.015"/>
  <testcase classname="highlineWarren.test.ValidateHighLineWarrenDOMTest" name="verifyHighLineWarrenLogo" time="0.08"/>
  <testcase classname="highlineWarren.test.ValidateHighLineWarrenDOMTest" name="verifyHighLineWarrenUrl" time="0.007"/>
  <testcase classname="highlineWarren.test.ValidateHighLineWarrenDOMTest" name="verifyBrowserByCategoryIsClickable" time="0.112"/>
  <testcase classname="highlineWarren.test.ValidateHighLineWarrenDOMTest" name="verifyAllCategoryAreScrollableAndCountAllCategories" time="40.87"/>
  <testcase classname="highlineWarren.test.ValidateHighLineWarrenDOMTest" name="verifyFirstCategoryIsClickableAndFunctional" time="5.222"/>
  <testcase classname="highlineWarren.test.ValidateHighLineWarrenDOMTest" name="verifySecondCategory" time="5.163"/>
  <testcase classname="highlineWarren.test.ValidateHighLineWarrenDOMTest" name="verifySecondCategoryFunctionalityWithBrands" time="6.268"/>
  <testcase classname="highlineWarren.test.ValidateHighLineWarrenDOMTest" name="verifySearchFunctionalityIsClickable" time="7.715"/>
  <testcase classname="highlineWarren.test.ValidateHighLineWarrenDOMTest" name="verifySearchFunctionalityWithBrands" time="7.664"/>
</testsuite> <!-- Default test -->
