<?xml version="1.0" encoding="UTF-8"?>
<!-- Generated by org.testng.reporters.JUnitXMLReporter -->
<testsuite ignored="0" hostname="NOI-PW03VFY0" failures="0" tests="22" name="ChromeTest" time="168.485" errors="0" timestamp="2025-03-25T17:59:45 IST">
  <testcase classname="highlineWarren.test.HighLineWarrenDemoTest" name="highLineWarrenTitleValidation" time="0.027"/>
  <testcase classname="highlineWarren.test.ValidateHighLineWarrenDOMTest" name="highLineWarrenTitleValidation" time="0.008"/>
  <testcase classname="highlineWarren.test.HighLineWarrenDemoTest" name="verifyHighLineWarrenLogo" time="0.077"/>
  <testcase classname="highlineWarren.test.ValidateHighLineWarrenDOMTest" name="verifyHighLineWarrenLogo" time="0.055"/>
  <testcase classname="highlineWarren.test.HighLineWarrenDemoTest" name="verifyHighLineWarrenUrl" time="0.008"/>
  <testcase classname="highlineWarren.test.ValidateHighLineWarrenDOMTest" name="verifyHighLineWarrenUrl" time="0.007"/>
  <testcase classname="highlineWarren.test.HighLineWarrenDemoTest" name="verifyBrowserByCategoryIsClickable" time="0.108"/>
  <testcase classname="highlineWarren.test.ValidateHighLineWarrenDOMTest" name="verifyBrowserByCategoryIsClickable" time="0.081"/>
  <testcase classname="highlineWarren.test.HighLineWarrenDemoTest" name="verifyAllCategoryAreScrollableAndCountAllCategories" time="40.588"/>
  <testcase classname="highlineWarren.test.ValidateHighLineWarrenDOMTest" name="verifyAllCategoryAreScrollableAndCountAllCategories" time="39.426"/>
  <testcase classname="highlineWarren.test.HighLineWarrenDemoTest" name="verifyFirstCategoryIsClickableAndFunctional" time="5.422"/>
  <testcase classname="highlineWarren.test.ValidateHighLineWarrenDOMTest" name="verifyFirstCategoryIsClickableAndFunctional" time="5.27"/>
  <testcase classname="highlineWarren.test.HighLineWarrenDemoTest" name="verifySecondCategory" time="4.901"/>
  <testcase classname="highlineWarren.test.ValidateHighLineWarrenDOMTest" name="verifySecondCategory" time="4.762"/>
  <testcase classname="highlineWarren.test.HighLineWarrenDemoTest" name="verifySecondCategoryFunctionalityWithBrands" time="6.559"/>
  <testcase classname="highlineWarren.test.ValidateHighLineWarrenDOMTest" name="verifySecondCategoryFunctionalityWithBrands" time="6.198"/>
  <testcase classname="highlineWarren.test.HighLineWarrenDemoTest" name="verifySearchFunctionalityIsClickable" time="7.25"/>
  <testcase classname="highlineWarren.test.ValidateHighLineWarrenDOMTest" name="verifySearchFunctionalityIsClickable" time="6.078"/>
  <testcase classname="highlineWarren.test.HighLineWarrenDemoTest" name="verifySearchFunctionalityWithBrands" time="7.382"/>
  <testcase classname="highlineWarren.test.ValidateHighLineWarrenDOMTest" name="verifySearchFunctionalityWithBrands" time="0.006">
    <skipped/>
  </testcase> <!-- verifySearchFunctionalityWithBrands -->
  <testcase classname="highlineWarren.test.ValidateHighLineWarrenDOMTest" name="verifySearchFunctionalityWithBrands" time="0.002">
    <skipped/>
  </testcase> <!-- verifySearchFunctionalityWithBrands -->
  <testcase classname="highlineWarren.test.ValidateHighLineWarrenDOMTest" name="verifySearchFunctionalityWithBrands" time="0.002">
    <skipped/>
  </testcase> <!-- verifySearchFunctionalityWithBrands -->
</testsuite> <!-- ChromeTest -->
