<?xml version="1.0" encoding="UTF-8"?>
<!-- Generated by org.testng.reporters.JUnitXMLReporter -->
<testsuite ignored="0" hostname="NOI-PW03VFY0" failures="0" tests="22" name="FireFoxTest" time="158.989" errors="0" timestamp="2025-03-25T18:02:24 IST">
  <testcase classname="highlineWarren.test.HighLineWarrenDemoTest" name="highLineWarrenTitleValidation" time="0.006"/>
  <testcase classname="highlineWarren.test.ValidateHighLineWarrenDOMTest" name="highLineWarrenTitleValidation" time="0.007"/>
  <testcase classname="highlineWarren.test.HighLineWarrenDemoTest" name="verifyHighLineWarrenLogo" time="0.047"/>
  <testcase classname="highlineWarren.test.ValidateHighLineWarrenDOMTest" name="verifyHighLineWarrenLogo" time="0.027"/>
  <testcase classname="highlineWarren.test.HighLineWarrenDemoTest" name="verifyHighLineWarrenUrl" time="0.003"/>
  <testcase classname="highlineWarren.test.ValidateHighLineWarrenDOMTest" name="verifyHighLineWarrenUrl" time="0.003"/>
  <testcase classname="highlineWarren.test.HighLineWarrenDemoTest" name="verifyBrowserByCategoryIsClickable" time="0.283"/>
  <testcase classname="highlineWarren.test.ValidateHighLineWarrenDOMTest" name="verifyBrowserByCategoryIsClickable" time="0.252"/>
  <testcase classname="highlineWarren.test.HighLineWarrenDemoTest" name="verifyAllCategoryAreScrollableAndCountAllCategories" time="44.788"/>
  <testcase classname="highlineWarren.test.ValidateHighLineWarrenDOMTest" name="verifyAllCategoryAreScrollableAndCountAllCategories" time="41.231"/>
  <testcase classname="highlineWarren.test.HighLineWarrenDemoTest" name="verifyFirstCategoryIsClickableAndFunctional" time="5.553"/>
  <testcase classname="highlineWarren.test.ValidateHighLineWarrenDOMTest" name="verifyFirstCategoryIsClickableAndFunctional" time="5.347"/>
  <testcase classname="highlineWarren.test.HighLineWarrenDemoTest" name="verifySecondCategory" time="4.982"/>
  <testcase classname="highlineWarren.test.ValidateHighLineWarrenDOMTest" name="verifySecondCategory" time="4.794"/>
  <testcase classname="highlineWarren.test.HighLineWarrenDemoTest" name="verifySecondCategoryFunctionalityWithBrands" time="6.242"/>
  <testcase classname="highlineWarren.test.ValidateHighLineWarrenDOMTest" name="verifySecondCategoryFunctionalityWithBrands" time="6.574"/>
  <testcase classname="highlineWarren.test.HighLineWarrenDemoTest" name="verifySearchFunctionalityIsClickable" time="5.352"/>
  <testcase classname="highlineWarren.test.ValidateHighLineWarrenDOMTest" name="verifySearchFunctionalityIsClickable" time="4.715"/>
  <testcase classname="highlineWarren.test.HighLineWarrenDemoTest" name="verifySearchFunctionalityWithBrands" time="7.691"/>
  <testcase classname="highlineWarren.test.ValidateHighLineWarrenDOMTest" name="verifySearchFunctionalityWithBrands" time="0.002">
    <skipped/>
  </testcase> <!-- verifySearchFunctionalityWithBrands -->
  <testcase classname="highlineWarren.test.ValidateHighLineWarrenDOMTest" name="verifySearchFunctionalityWithBrands" time="0.001">
    <skipped/>
  </testcase> <!-- verifySearchFunctionalityWithBrands -->
  <testcase classname="highlineWarren.test.ValidateHighLineWarrenDOMTest" name="verifySearchFunctionalityWithBrands" time="0.002">
    <skipped/>
  </testcase> <!-- verifySearchFunctionalityWithBrands -->
</testsuite> <!-- FireFoxTest -->
